#
# There is insufficient memory for the Java Runtime Environment to continue.
# Native memory allocation (malloc) failed to allocate 32744 bytes for ChunkPool::allocate
# Possible reasons:
#   The system is out of physical RAM or swap space
#   In 32 bit mode, the process size limit was hit
# Possible solutions:
#   Reduce memory load on the system
#   Increase physical memory or swap space
#   Check if swap backing store is full
#   Use 64 bit Java on a 64 bit OS
#   Decrease Java heap size (-Xmx/-Xms)
#   Decrease number of Java threads
#   Decrease Java thread stack sizes (-Xss)
#   Set larger code cache with -XX:ReservedCodeCacheSize=
# This output file may be truncated or incomplete.
#
#  Out of Memory Error (allocation.cpp:273), pid=4988, tid=908
#
# JRE version: Java(TM) SE Runtime Environment (8.0_60-b27) (build 1.8.0_60-b27)
# Java VM: Java HotSpot(TM) 64-Bit Server VM (25.60-b23 mixed mode windows-amd64 compressed oops)
# Failed to write core dump. Minidumps are not enabled by default on client versions of Windows
#

---------------  T H R E A D  ---------------

Current thread (0x0000000016317000):  JavaThread "C1 CompilerThread2" daemon [_thread_in_native, id=908, stack(0x0000000017d60000,0x0000000017e60000)]

Stack: [0x0000000017d60000,0x0000000017e60000]
[error occurred during error reporting (printing stack bounds), id 0xc0000005]

Native frames: (J=compiled Java code, j=interpreted, Vv=VM code, C=native code)


Current CompileTask:
C1:    217  172       3       jdk.internal.org.objectweb.asm.Frame::execute (2252 bytes)


---------------  P R O C E S S  ---------------

Java Threads: ( => current thread )
  0x0000000017e82800 JavaThread "Service Thread" daemon [_thread_blocked, id=7132, stack(0x0000000018260000,0x0000000018360000)]
=>0x0000000016317000 JavaThread "C1 CompilerThread2" daemon [_thread_in_native, id=908, stack(0x0000000017d60000,0x0000000017e60000)]
  0x0000000016311000 JavaThread "C2 CompilerThread1" daemon [_thread_in_native, id=7608, stack(0x0000000017c60000,0x0000000017d60000)]
  0x000000001630b800 JavaThread "C2 CompilerThread0" daemon [_thread_blocked, id=4576, stack(0x0000000017b60000,0x0000000017c60000)]
  0x000000001630a000 JavaThread "Attach Listener" daemon [_thread_blocked, id=5424, stack(0x0000000017a60000,0x0000000017b60000)]
  0x0000000016309800 JavaThread "Signal Dispatcher" daemon [_thread_blocked, id=7628, stack(0x0000000017960000,0x0000000017a60000)]
  0x0000000002a88000 JavaThread "Finalizer" daemon [_thread_blocked, id=2128, stack(0x0000000017570000,0x0000000017670000)]
  0x00000000162d9000 JavaThread "Reference Handler" daemon [_thread_blocked, id=4404, stack(0x0000000017470000,0x0000000017570000)]
  0x000000000295d800 JavaThread "main" [_thread_in_Java, id=4056, stack(0x0000000002810000,0x0000000002910000)]

Other Threads:
  0x00000000162d7800 VMThread [stack: 0x0000000017370000,0x0000000017470000] [id=1760]
  0x0000000017ea7800 WatcherThread [stack: 0x0000000018360000,0x0000000018460000] [id=4944]

VM state:not at safepoint (normal execution)

VM Mutex/Monitor currently owned by a thread: None

Heap:
 PSYoungGen      total 28672K, used 2953K [0x00000000e0980000, 0x00000000e2980000, 0x0000000100000000)
  eden space 24576K, 12% used [0x00000000e0980000,0x00000000e0c62530,0x00000000e2180000)
  from space 4096K, 0% used [0x00000000e2580000,0x00000000e2580000,0x00000000e2980000)
  to   space 4096K, 0% used [0x00000000e2180000,0x00000000e2180000,0x00000000e2580000)
 ParOldGen       total 65536K, used 0K [0x00000000a1c00000, 0x00000000a5c00000, 0x00000000e0980000)
  object space 65536K, 0% used [0x00000000a1c00000,0x00000000a1c00000,0x00000000a5c00000)
 Metaspace       used 3869K, capacity 4702K, committed 4864K, reserved 1056768K
  class space    used 423K, capacity 481K, committed 512K, reserved 1048576K

Card table byte_map: [0x0000000011e50000,0x0000000012150000] byte_map_base: 0x0000000011942000

Marking Bits: (ParMarkBitMap*) 0x000000005ac2a5b0
 Begin Bits: [0x0000000012750000, 0x0000000013ee0000)
 End Bits:   [0x0000000013ee0000, 0x0000000015670000)

Polling page: 0x0000000000f80000

CodeCache: size=245760Kb used=1338Kb max_used=1338Kb free=244421Kb
 bounds [0x0000000002a90000, 0x0000000002d00000, 0x0000000011a90000]
 total_blobs=435 nmethods=180 adapters=168
 compilation: enabled

Compilation events (10 events):
Event: 0.211 Thread 0x0000000016317000  163       1       java.lang.invoke.MethodHandle::type (5 bytes)
Event: 0.211 Thread 0x0000000016317000 nmethod 163 0x0000000002bd7fd0 code [0x0000000002bd8120, 0x0000000002bd8230]
Event: 0.211 Thread 0x0000000016317000  165       3       jdk.internal.org.objectweb.asm.Type::getArgumentsAndReturnSizes (151 bytes)
Event: 0.212 Thread 0x0000000016317000 nmethod 165 0x0000000002bd8910 code [0x0000000002bd8b40, 0x0000000002bd98b8]
Event: 0.212 Thread 0x0000000016317000  166       3       java.lang.invoke.InvokerBytecodeGenerator::isStaticallyNameable (116 bytes)
Event: 0.213 Thread 0x0000000016317000 nmethod 166 0x0000000002bda3d0 code [0x0000000002bda740, 0x0000000002bdc818]
Event: 0.213 Thread 0x0000000016317000  168       3       java.lang.invoke.MemberName::isConstructor (7 bytes)
Event: 0.214 Thread 0x0000000016317000 nmethod 168 0x0000000002bdd950 code [0x0000000002bddac0, 0x0000000002bddd30]
Event: 0.214 Thread 0x0000000016317000  172       3       jdk.internal.org.objectweb.asm.Frame::execute (2252 bytes)
Event: 0.216 Thread 0x0000000016311000  186       4       jdk.internal.org.objectweb.asm.ByteVector::putUTF8 (142 bytes)

GC Heap History (0 events):
No events

Deoptimization events (0 events):
No events

Internal exceptions (9 events):
Event: 0.051 Thread 0x000000000295d800 Exception <a 'java/lang/NoSuchMethodError': Method sun.misc.Unsafe.defineClass(Ljava/lang/String;[BII)Ljava/lang/Class; name or signature does not match> (0x00000000e098dd90) thrown at [C:\re\workspace\8-2-build-windows-amd64-cygwin\jdk8u60\4407\hotspot\srR/็ฉ?
Event: 0.051 Thread 0x000000000295d800 Exception <a 'java/lang/NoSuchMethodError': Method sun.misc.Unsafe.prefetchRead(Ljava/lang/Object;J)V name or signature does not match> (0x00000000e098e078) thrown at [C:\re\workspace\8-2-build-windows-amd64-cygwin\jdk8u60\4407\hotspot\src\share\vm\prims\j*๙๗ึหล?
Event: 0.170 Thread 0x000000000295d800 Exception <a 'java/security/PrivilegedActionException'> (0x00000000e0b58178) thrown at [C:\re\workspace\8-2-build-windows-amd64-cygwin\jdk8u60\4407\hotspot\src\share\vm\prims\jvm.cpp, line 1386]
Event: 0.170 Thread 0x000000000295d800 Exception <a 'java/security/PrivilegedActionException'> (0x00000000e0b58388) thrown at [C:\re\workspace\8-2-build-windows-amd64-cygwin\jdk8u60\4407\hotspot\src\share\vm\prims\jvm.cpp, line 1386]
Event: 0.171 Thread 0x000000000295d800 Exception <a 'java/security/PrivilegedActionException'> (0x00000000e0b5c1d0) thrown at [C:\re\workspace\8-2-build-windows-amd64-cygwin\jdk8u60\4407\hotspot\src\share\vm\prims\jvm.cpp, line 1386]
Event: 0.171 Thread 0x000000000295d800 Exception <a 'java/security/PrivilegedActionException'> (0x00000000e0b5c3e0) thrown at [C:\re\workspace\8-2-build-windows-amd64-cygwin\jdk8u60\4407\hotspot\src\share\vm\prims\jvm.cpp, line 1386]
Event: 0.176 Thread 0x000000000295d800 Exception <a 'java/io/FileNotFoundException'> (0x00000000e0b63108) thrown at [C:\re\workspace\8-2-build-windows-amd64-cygwin\jdk8u60\4407\hotspot\src\share\vm\prims\jni.cpp, line 709]
Event: 0.215 Thread 0x000000000295d800 Exception <a 'java/lang/NoSuchFieldError': method resolution failed> (0x00000000e0c311c8) thrown at [C:\re\workspace\8-2-build-windows-amd64-cygwin\jdk8u60\4407\hotspot\src\share\vm\prims\methodHandles.cpp, line 1146]
Event: 0.216 Thread 0x000000000295d800 Exception <a 'java/lang/NoSuchFieldError': method resolution failed> (0x00000000e0c3e518) thrown at [C:\re\workspace\8-2-build-windows-amd64-cygwin\jdk8u60\4407\hotspot\src\share\vm\prims\methodHandles.cpp, line 1146]

Events (10 events):
Event: 0.201 loading class java/lang/invoke/DelegatingMethodHandle done
Event: 0.202 loading class java/lang/invoke/MethodHandleImpl$AsVarargsCollector done
Event: 0.202 loading class java/lang/invoke/WrongMethodTypeException
Event: 0.202 loading class java/lang/invoke/WrongMethodTypeException done
Event: 0.204 loading class java/lang/invoke/MethodHandleImpl$Lazy
Event: 0.204 loading class java/lang/invoke/MethodHandleImpl$Lazy done
Event: 0.204 loading class java/lang/invoke/MethodHandleImpl$IntrinsicMethodHandle
Event: 0.204 loading class java/lang/invoke/MethodHandleImpl$IntrinsicMethodHandle done
Event: 0.214 loading class java/lang/NoSuchFieldError
Event: 0.215 loading class java/lang/NoSuchFieldError done


Dynamic libraries:
0x00007ff70c960000 - 0x00007ff70c997000 	C:\Program Files\Java\jdk1.8.0_60\jre\bin\java.exe
0x00007ffad1dd0000 - 0x00007ffad1f7c000 	C:\Windows\SYSTEM32\ntdll.dll
0x00007ffad1a20000 - 0x00007ffad1b5e000 	C:\Windows\system32\KERNEL32.DLL
0x00007ffacf330000 - 0x00007ffacf445000 	C:\Windows\system32\KERNELBASE.dll
0x00007ffacdac0000 - 0x00007ffacdb4e000 	C:\Windows\system32\apphelp.dll
0x00007ffabdfc0000 - 0x00007ffabe013000 	C:\Windows\AppPatch\AppPatch64\AcGenral.DLL
0x00007ffacfe00000 - 0x00007ffacfeaa000 	C:\Windows\system32\msvcrt.dll
0x00007ffacecf0000 - 0x00007ffaced1e000 	C:\Windows\SYSTEM32\SspiCli.dll
0x00007ffad1b60000 - 0x00007ffad1bb4000 	C:\Windows\system32\SHLWAPI.dll
0x00007ffacfc10000 - 0x00007ffacfd87000 	C:\Windows\system32\USER32.dll
0x00007ffacf770000 - 0x00007ffacf904000 	C:\Windows\system32\ole32.dll
0x00007ffad00e0000 - 0x00007ffad160b000 	C:\Windows\system32\SHELL32.dll
0x00007fface4c0000 - 0x00007fface4e1000 	C:\Windows\SYSTEM32\USERENV.dll
0x00007ffacf450000 - 0x00007ffacf4fa000 	C:\Windows\system32\ADVAPI32.dll
0x00007ffac6380000 - 0x00007ffac639e000 	C:\Windows\SYSTEM32\MPR.dll
0x00007ffacfab0000 - 0x00007ffacfbf1000 	C:\Windows\system32\RPCRT4.dll
0x00007ffad19c0000 - 0x00007ffad1a19000 	C:\Windows\SYSTEM32\sechost.dll
0x00007ffacfec0000 - 0x00007ffad00d1000 	C:\Windows\SYSTEM32\combase.dll
0x00007ffad1800000 - 0x00007ffad194f000 	C:\Windows\system32\GDI32.dll
0x00007ffacef20000 - 0x00007ffacef35000 	C:\Windows\SYSTEM32\profapi.dll
0x00007ffacd720000 - 0x00007ffacd7d2000 	C:\Windows\SYSTEM32\SHCORE.dll
0x00007ffacfa70000 - 0x00007ffacfaa6000 	C:\Windows\system32\IMM32.DLL
0x00007ffacf910000 - 0x00007ffacfa62000 	C:\Windows\system32\MSCTF.dll
0x00007ffaccff0000 - 0x00007ffacd26b000 	C:\Windows\WinSxS\amd64_microsoft.windows.common-controls_6595b64144ccf1df_6.0.9600.18006_none_623f33d3ecbe86e8\COMCTL32.dll
0x000000005b850000 - 0x000000005b922000 	C:\Program Files\Java\jdk1.8.0_60\jre\bin\msvcr100.dll
0x000000005a420000 - 0x000000005aca9000 	C:\Program Files\Java\jdk1.8.0_60\jre\bin\server\jvm.dll
0x00007ffabc5b0000 - 0x00007ffabc5b9000 	C:\Windows\SYSTEM32\WSOCK32.dll
0x00007ffaca9a0000 - 0x00007ffaca9c2000 	C:\Windows\SYSTEM32\WINMM.dll
0x00007ffaca9d0000 - 0x00007ffaca9da000 	C:\Windows\SYSTEM32\VERSION.dll
0x00007ffad1da0000 - 0x00007ffad1da7000 	C:\Windows\system32\PSAPI.DLL
0x00007ffacfda0000 - 0x00007ffacfdfa000 	C:\Windows\system32\WS2_32.dll
0x00007ffaca790000 - 0x00007ffaca7ba000 	C:\Windows\SYSTEM32\WINMMBASE.dll
0x00007ffacfd90000 - 0x00007ffacfd99000 	C:\Windows\system32\NSI.dll
0x00007ffacf2e0000 - 0x00007ffacf32f000 	C:\Windows\SYSTEM32\cfgmgr32.dll
0x00007ffacdd20000 - 0x00007ffacdd48000 	C:\Windows\SYSTEM32\DEVOBJ.dll
0x000000005be70000 - 0x000000005be7f000 	C:\Program Files\Java\jdk1.8.0_60\jre\bin\verify.dll
0x000000005be40000 - 0x000000005be69000 	C:\Program Files\Java\jdk1.8.0_60\jre\bin\java.dll
0x000000005be20000 - 0x000000005be36000 	C:\Program Files\Java\jdk1.8.0_60\jre\bin\zip.dll
0x000000005b510000 - 0x000000005b6a8000 	C:\Program Files\Java\jdk1.8.0_60\jre\bin\awt.dll
0x00007ffad1670000 - 0x00007ffad1731000 	C:\Windows\system32\OLEAUT32.dll

VM Arguments:
jvm_args: -Dfile.encoding=UTF-8 
java_command: Aplicacion.StartAplication
java_class_path (initial): D:\Documentos\NetBeansProjects\Proyecto_NSCPY\Proyecto_NSCPY\jars\itextpdf-5.5.6.jar;D:\Documentos\NetBeansProjects\Proyecto_NSCPY\Proyecto_NSCPY\jars\log4j-1.2.17.jar;D:\Documentos\NetBeansProjects\Proyecto_NSCPY\Proyecto_NSCPY\jars\mysql-connector-java-5.1.6.jar;D:\Documentos\NetBeansProjects\Proyecto_NSCPY\Proyecto_NSCPY\jars\slf4j-api-1.7.12.jar;D:\Documentos\NetBeansProjects\Proyecto_NSCPY\Proyecto_NSCPY\jars\slf4j-log4j12-1.7.12.jar;D:\Documentos\NetBeansProjects\Proyecto_NSCPY\Proyecto_NSCPY\jars\synthetica.jar;D:\Documentos\NetBeansProjects\Proyecto_NSCPY\Proyecto_NSCPY\jars\syntheticaAluOxide.jar;D:\Documentos\NetBeansProjects\Proyecto_NSCPY\Proyecto_NSCPY\jars\jcalendar-1.3.2.jar;D:\Documentos\NetBeansProjects\Proyecto_NSCPY\Proyecto_NSCPY\build\classes
Launcher Type: SUN_STANDARD

Environment Variables:
PATH=C:\Program Files\NVIDIA GPU Computing Toolkit\CUDA\v7.5\bin;C:\Program Files\NVIDIA GPU Computing Toolkit\CUDA\v7.5\libnvvp;C:\ProgramData\Oracle\Java\javapath;C:\Program Files (x86)\Intel\iCLS Client\;C:\Program Files\Intel\iCLS Client\;C:\Program Files\Broadcom\Broadcom 802.11 Network Adapter;;C:\Windows\system32;C:\Windows;C:\Windows\System32\Wbem;C:\Windows\System32\WindowsPowerShell\v1.0\;C:\Program Files\WIDCOMM\Bluetooth Software\;C:\Program Files\WIDCOMM\Bluetooth Software\syswow64;;C:\Program Files\Intel\Intel(R) Management Engine Components\DAL;C:\Program Files\Intel\Intel(R) Management Engine Components\IPT;C:\Program Files (x86)\Intel\Intel(R) Management Engine Components\DAL;C:\Program Files (x86)\Intel\Intel(R) Management Engine Components\IPT;C:\Users\Christian\.dnx\bin;C:\Program Files\Microsoft DNX\Dnvm\;C:\Program Files\Microsoft SQL Server\120\Tools\Binn\;C:\Program Files (x86)\Microsoft SQL Server\100\Tools\Binn\;C:\Program Files (x86)\Microsoft SQL Server\100\DTS\Binn\;C:\Program Files (x86)\NVIDIA Corporation\PhysX\Common
USERNAME=Christian
OS=Windows_NT
PROCESSOR_IDENTIFIER=Intel64 Family 6 Model 69 Stepping 1, GenuineIntel



---------------  S Y S T E M  ---------------

OS: Windows 8.1 , 64 bit Build 9600 (6.3.9600.17415)

CPU:total 4 (2 cores per cpu, 2 threads per core) family 6 model 69 stepping 1, cmov, cx8, fxsr, mmx, sse, sse2, sse3, ssse3, sse4.1, sse4.2, popcnt, avx, avx2, aes, clmul, erms, lzcnt, ht, tsc, tscinvbit, bmi1, bmi2

Memory: 4k page, physical 6172056k(1544628k free), swap 6172056k(5068k free)

vm_info: Java HotSpot(TM) 64-Bit Server VM (25.60-b23) for windows-amd64 JRE (1.8.0_60-b27), built on Aug  4 2015 11:06:27 by "java_re" with MS VC++ 10.0 (VS2010)

time: Sun Nov 01 00:18:54 2015
elapsed time: 0 seconds (0d 0h 0m 0s)

