#
# There is insufficient memory for the Java Runtime Environment to continue.
# Native memory allocation (malloc) failed to allocate 1048576 bytes for AllocateHeap
# Possible reasons:
#   The system is out of physical RAM or swap space
#   In 32 bit mode, the process size limit was hit
# Possible solutions:
#   Reduce memory load on the system
#   Increase physical memory or swap space
#   Check if swap backing store is full
#   Use 64 bit Java on a 64 bit OS
#   Decrease Java heap size (-Xmx/-Xms)
#   Decrease number of Java threads
#   Decrease Java thread stack sizes (-Xss)
#   Set larger code cache with -XX:ReservedCodeCacheSize=
# This output file may be truncated or incomplete.
#
#  Out of Memory Error (memory/allocation.inline.hpp:61), pid=3576, tid=5132
#
# JRE version:  (8.0_60-b27) (build )
# Java VM: Java HotSpot(TM) 64-Bit Server VM (25.60-b23 mixed mode windows-amd64 compressed oops)
# Failed to write core dump. Minidumps are not enabled by default on client versions of Windows
#

---------------  T H R E A D  ---------------

Current thread (0x000000000208d800):  JavaThread "Unknown thread" [_thread_in_vm, id=5132, stack(0x0000000001ef0000,0x0000000001ff0000)]

Stack: [0x0000000001ef0000,0x0000000001ff0000]
[error occurred during error reporting (printing stack bounds), id 0xc0000005]

Native frames: (J=compiled Java code, j=interpreted, Vv=VM code, C=native code)


---------------  P R O C E S S  ---------------

Java Threads: ( => current thread )

Other Threads:

=>0x000000000208d800 (exited) JavaThread "Unknown thread" [_thread_in_vm, id=5132, stack(0x0000000001ef0000,0x0000000001ff0000)]

VM state:not at safepoint (normal execution)

VM Mutex/Monitor currently owned by a thread: None

Heap:
 PSYoungGen      total 28672K, used 491K [0x00000000e0980000, 0x00000000e2980000, 0x0000000100000000)
  eden space 24576K, 2% used [0x00000000e0980000,0x00000000e09fae20,0x00000000e2180000)
  from space 4096K, 0% used [0x00000000e2580000,0x00000000e2580000,0x00000000e2980000)
  to   space 4096K, 0% used [0x00000000e2180000,0x00000000e2180000,0x00000000e2580000)
 ParOldGen       total 65536K, used 0K [0x00000000a1c00000, 0x00000000a5c00000, 0x00000000e0980000)
  object space 65536K, 0% used [0x00000000a1c00000,0x00000000a1c00000,0x00000000a5c00000)
 Metaspace       used 767K, capacity 4480K, committed 4480K, reserved 1056768K
  class space    used 75K, capacity 384K, committed 384K, reserved 1048576K

Card table byte_map: [0x0000000011570000,0x0000000011870000] byte_map_base: 0x0000000011062000

Marking Bits: (ParMarkBitMap*) 0x000000005ac2a5b0
 Begin Bits: [0x0000000011e70000, 0x0000000013600000)
 End Bits:   [0x0000000013600000, 0x0000000014d90000)

Polling page: 0x0000000000660000

CodeCache: size=245760Kb used=328Kb max_used=328Kb free=245431Kb
 bounds [0x00000000021b0000, 0x0000000002420000, 0x00000000111b0000]
 total_blobs=57 nmethods=0 adapters=37
 compilation: enabled

Compilation events (0 events):
No events

GC Heap History (0 events):
No events

Deoptimization events (0 events):
No events

Internal exceptions (0 events):
No events

Events (10 events):
Event: 0.035 loading class java/lang/Short
Event: 0.035 loading class java/lang/Short done
Event: 0.035 loading class java/lang/Integer
Event: 0.035 loading class java/lang/Integer done
Event: 0.035 loading class java/lang/Long
Event: 0.036 loading class java/lang/Long done
Event: 0.036 loading class java/lang/NullPointerException
Event: 0.036 loading class java/lang/NullPointerException done
Event: 0.036 loading class java/lang/ArithmeticException
Event: 0.036 loading class java/lang/ArithmeticException done


Dynamic libraries:
0x00007ff6ece80000 - 0x00007ff6eceb7000 	C:\Program Files\Java\jdk1.8.0_60\jre\bin\java.exe
0x00007ffad1dd0000 - 0x00007ffad1f7c000 	C:\Windows\SYSTEM32\ntdll.dll
0x00007ffad1a20000 - 0x00007ffad1b5e000 	C:\Windows\system32\KERNEL32.DLL
0x00007ffacf330000 - 0x00007ffacf445000 	C:\Windows\system32\KERNELBASE.dll
0x00007ffacdac0000 - 0x00007ffacdb4e000 	C:\Windows\system32\apphelp.dll
0x00007ffabdfc0000 - 0x00007ffabe013000 	C:\Windows\AppPatch\AppPatch64\AcGenral.DLL
0x00007ffacfe00000 - 0x00007ffacfeaa000 	C:\Windows\system32\msvcrt.dll
0x00007ffacecf0000 - 0x00007ffaced1e000 	C:\Windows\SYSTEM32\SspiCli.dll
0x00007ffad1b60000 - 0x00007ffad1bb4000 	C:\Windows\system32\SHLWAPI.dll
0x00007ffacfc10000 - 0x00007ffacfd87000 	C:\Windows\system32\USER32.dll
0x00007ffacf770000 - 0x00007ffacf904000 	C:\Windows\system32\ole32.dll
0x00007ffad00e0000 - 0x00007ffad160b000 	C:\Windows\system32\SHELL32.dll
0x00007fface4c0000 - 0x00007fface4e1000 	C:\Windows\SYSTEM32\USERENV.dll
0x00007ffacf450000 - 0x00007ffacf4fa000 	C:\Windows\system32\ADVAPI32.dll
0x00007ffac6380000 - 0x00007ffac639e000 	C:\Windows\SYSTEM32\MPR.dll
0x00007ffacfab0000 - 0x00007ffacfbf1000 	C:\Windows\system32\RPCRT4.dll
0x00007ffad19c0000 - 0x00007ffad1a19000 	C:\Windows\SYSTEM32\sechost.dll
0x00007ffacfec0000 - 0x00007ffad00d1000 	C:\Windows\SYSTEM32\combase.dll
0x00007ffad1800000 - 0x00007ffad194f000 	C:\Windows\system32\GDI32.dll
0x00007ffacef20000 - 0x00007ffacef35000 	C:\Windows\SYSTEM32\profapi.dll
0x00007ffacd720000 - 0x00007ffacd7d2000 	C:\Windows\SYSTEM32\SHCORE.dll
0x00007ffacfa70000 - 0x00007ffacfaa6000 	C:\Windows\system32\IMM32.DLL
0x00007ffacf910000 - 0x00007ffacfa62000 	C:\Windows\system32\MSCTF.dll
0x00007ffaccff0000 - 0x00007ffacd26b000 	C:\Windows\WinSxS\amd64_microsoft.windows.common-controls_6595b64144ccf1df_6.0.9600.18006_none_623f33d3ecbe86e8\COMCTL32.dll
0x000000005b850000 - 0x000000005b922000 	C:\Program Files\Java\jdk1.8.0_60\jre\bin\msvcr100.dll
0x000000005a420000 - 0x000000005aca9000 	C:\Program Files\Java\jdk1.8.0_60\jre\bin\server\jvm.dll
0x00007ffabc5b0000 - 0x00007ffabc5b9000 	C:\Windows\SYSTEM32\WSOCK32.dll
0x00007ffaca9a0000 - 0x00007ffaca9c2000 	C:\Windows\SYSTEM32\WINMM.dll
0x00007ffaca9d0000 - 0x00007ffaca9da000 	C:\Windows\SYSTEM32\VERSION.dll
0x00007ffad1da0000 - 0x00007ffad1da7000 	C:\Windows\system32\PSAPI.DLL
0x00007ffacfda0000 - 0x00007ffacfdfa000 	C:\Windows\system32\WS2_32.dll
0x00007ffaca790000 - 0x00007ffaca7ba000 	C:\Windows\SYSTEM32\WINMMBASE.dll
0x00007ffacfd90000 - 0x00007ffacfd99000 	C:\Windows\system32\NSI.dll
0x00007ffacf2e0000 - 0x00007ffacf32f000 	C:\Windows\SYSTEM32\cfgmgr32.dll
0x00007ffacdd20000 - 0x00007ffacdd48000 	C:\Windows\SYSTEM32\DEVOBJ.dll
0x000000005be70000 - 0x000000005be7f000 	C:\Program Files\Java\jdk1.8.0_60\jre\bin\verify.dll
0x000000005be40000 - 0x000000005be69000 	C:\Program Files\Java\jdk1.8.0_60\jre\bin\java.dll
0x000000005be20000 - 0x000000005be36000 	C:\Program Files\Java\jdk1.8.0_60\jre\bin\zip.dll

VM Arguments:
jvm_args: -Dfile.encoding=UTF-8 
java_command: Aplicacion.StartAplication
java_class_path (initial): D:\Documentos\NetBeansProjects\Proyecto_NSCPY\Proyecto_NSCPY\jars\itextpdf-5.5.6.jar;D:\Documentos\NetBeansProjects\Proyecto_NSCPY\Proyecto_NSCPY\jars\log4j-1.2.17.jar;D:\Documentos\NetBeansProjects\Proyecto_NSCPY\Proyecto_NSCPY\jars\mysql-connector-java-5.1.6.jar;D:\Documentos\NetBeansProjects\Proyecto_NSCPY\Proyecto_NSCPY\jars\slf4j-api-1.7.12.jar;D:\Documentos\NetBeansProjects\Proyecto_NSCPY\Proyecto_NSCPY\jars\slf4j-log4j12-1.7.12.jar;D:\Documentos\NetBeansProjects\Proyecto_NSCPY\Proyecto_NSCPY\jars\synthetica.jar;D:\Documentos\NetBeansProjects\Proyecto_NSCPY\Proyecto_NSCPY\jars\syntheticaAluOxide.jar;D:\Documentos\NetBeansProjects\Proyecto_NSCPY\Proyecto_NSCPY\jars\jcalendar-1.3.2.jar;D:\Documentos\NetBeansProjects\Proyecto_NSCPY\Proyecto_NSCPY\build\classes
Launcher Type: SUN_STANDARD

Environment Variables:
PATH=C:\Program Files\NVIDIA GPU Computing Toolkit\CUDA\v7.5\bin;C:\Program Files\NVIDIA GPU Computing Toolkit\CUDA\v7.5\libnvvp;C:\ProgramData\Oracle\Java\javapath;C:\Program Files (x86)\Intel\iCLS Client\;C:\Program Files\Intel\iCLS Client\;C:\Program Files\Broadcom\Broadcom 802.11 Network Adapter;;C:\Windows\system32;C:\Windows;C:\Windows\System32\Wbem;C:\Windows\System32\WindowsPowerShell\v1.0\;C:\Program Files\WIDCOMM\Bluetooth Software\;C:\Program Files\WIDCOMM\Bluetooth Software\syswow64;;C:\Program Files\Intel\Intel(R) Management Engine Components\DAL;C:\Program Files\Intel\Intel(R) Management Engine Components\IPT;C:\Program Files (x86)\Intel\Intel(R) Management Engine Components\DAL;C:\Program Files (x86)\Intel\Intel(R) Management Engine Components\IPT;C:\Users\Christian\.dnx\bin;C:\Program Files\Microsoft DNX\Dnvm\;C:\Program Files\Microsoft SQL Server\120\Tools\Binn\;C:\Program Files (x86)\Microsoft SQL Server\100\Tools\Binn\;C:\Program Files (x86)\Microsoft SQL Server\100\DTS\Binn\;C:\Program Files (x86)\NVIDIA Corporation\PhysX\Common
USERNAME=Christian
OS=Windows_NT
PROCESSOR_IDENTIFIER=Intel64 Family 6 Model 69 Stepping 1, GenuineIntel



---------------  S Y S T E M  ---------------

OS: Windows 8.1 , 64 bit Build 9600 (6.3.9600.17415)

CPU:total 4 (2 cores per cpu, 2 threads per core) family 6 model 69 stepping 1, cmov, cx8, fxsr, mmx, sse, sse2, sse3, ssse3, sse4.1, sse4.2, popcnt, avx, avx2, aes, clmul, erms, lzcnt, ht, tsc, tscinvbit, bmi1, bmi2

Memory: 4k page, physical 6172056k(1443256k free), swap 6172056k(6072k free)

vm_info: Java HotSpot(TM) 64-Bit Server VM (25.60-b23) for windows-amd64 JRE (1.8.0_60-b27), built on Aug  4 2015 11:06:27 by "java_re" with MS VC++ 10.0 (VS2010)

time: Sun Nov 01 00:17:36 2015
elapsed time: 0 seconds (0d 0h 0m 0s)

